2017-08-09 21:15 - Starting Script
2017-08-09 21:16 - Starting Script
2017-08-09 21:16 - No DIR_DATA found in 11.22.63.S01E06.720p.HULU.WEBRip.AAC2.0.H.264-TOPKEK.mkv [IPT].torrent
2017-08-09 21:16 - Moved "/usb/torrents/.dot.torrents/11.22.63.S01E06.720p.HULU.WEBRip.AAC2.0.H.264-TOPKEK.mkv [IPT].torrent" to /home/dcorrigan/torrent-migrate/migrated.dot.torrents
2017-08-09 21:16 - No DIR_DATA found in 12 Monkeys S01E11 720p HDTV AAC x264-PSYPHER [IPT].torrent
2017-08-09 21:16 - Moved "/usb/torrents/.dot.torrents/12 Monkeys S01E11 720p HDTV AAC x264-PSYPHER [IPT].torrent" to /home/dcorrigan/torrent-migrate/migrated.dot.torrents
2017-08-09 21:16 - No DIR_DATA found in 2017-07-05-raspbian-jessie-lite.zip.torrent
2017-08-09 21:16 - Moved "/usb/torrents/.dot.torrents/2017-07-05-raspbian-jessie-lite.zip.torrent" to /home/dcorrigan/torrent-migrate/migrated.dot.torrents
2017-08-09 21:16 - No DIR_DATA found in 2.Broke.Girls.S04E15.And.the.Fat.Cat.720p.HDTV.DD5.1.x264-CtrlHD [IPT].torrent
2017-08-09 21:16 - Moved "/usb/torrents/.dot.torrents/2.Broke.Girls.S04E15.And.the.Fat.Cat.720p.HDTV.DD5.1.x264-CtrlHD [IPT].torrent" to /home/dcorrigan/torrent-migrate/migrated.dot.torrents
2017-08-09 21:16 - No DIR_DATA found in 2.Broke.Girls.S04E16.1080i.HDTV.DD5.1.MPEG2-TOPKEK [IPT].torrent
2017-08-09 21:16 - Moved "/usb/torrents/.dot.torrents/2.Broke.Girls.S04E16.1080i.HDTV.DD5.1.MPEG2-TOPKEK [IPT].torrent" to /home/dcorrigan/torrent-migrate/migrated.dot.torrents
2017-08-09 21:16 - No DIR_DATA found in 2.Broke.Girls.S04E17.1080i.HDTV.DD5.1.MPEG2-TOPKEK [IPT].torrent
2017-08-09 21:16 - Moved "/usb/torrents/.dot.torrents/2.Broke.Girls.S04E17.1080i.HDTV.DD5.1.MPEG2-TOPKEK [IPT].torrent" to /home/dcorrigan/torrent-migrate/migrated.dot.torrents
2017-08-09 21:16 - No DIR_DATA found in 2 Broke Girls S04E17 720p HDTV AAC x264-PSYPHER [IPT].torrent
2017-08-09 21:16 - Moved "/usb/torrents/.dot.torrents/2 Broke Girls S04E17 720p HDTV AAC x264-PSYPHER [IPT].torrent" to /home/dcorrigan/torrent-migrate/migrated.dot.torrents
2017-08-09 21:16 - No DIR_DATA found in 2.Broke.Girls.S04E17.And.the.High.Hook-Up.720p.HDTV.DD5.1.x264-CtrlHD [IPT].torrent
2017-08-09 21:16 - Moved "/usb/torrents/.dot.torrents/2.Broke.Girls.S04E17.And.the.High.Hook-Up.720p.HDTV.DD5.1.x264-CtrlHD [IPT].torrent" to /home/dcorrigan/torrent-migrate/migrated.dot.torrents
2017-08-09 21:16 - No DIR_DATA found in 2.Broke.Girls.S04E18.1080i.HDTV.DD5.1.MPEG2-TOPKEK [IPT].torrent
2017-08-09 21:16 - Moved "/usb/torrents/.dot.torrents/2.Broke.Girls.S04E18.1080i.HDTV.DD5.1.MPEG2-TOPKEK [IPT].torrent" to /home/dcorrigan/torrent-migrate/migrated.dot.torrents
2017-08-09 21:16 - No DIR_DATA found in 2.Broke.Girls.S04E18.And.the.Taste.Test.720p.HDTV.DD5.1.x264-CtrlHD [IPT].torrent
2017-08-09 21:16 - Moved "/usb/torrents/.dot.torrents/2.Broke.Girls.S04E18.And.the.Taste.Test.720p.HDTV.DD5.1.x264-CtrlHD [IPT].torrent" to /home/dcorrigan/torrent-migrate/migrated.dot.torrents
2017-08-09 21:16 - No DIR_DATA found in 2.Broke.Girls.S04E19.1080i.HDTV.DD5.1.MPEG2-TOPKEK [IPT].torrent
2017-08-09 21:16 - Moved "/usb/torrents/.dot.torrents/2.Broke.Girls.S04E19.1080i.HDTV.DD5.1.MPEG2-TOPKEK [IPT].torrent" to /home/dcorrigan/torrent-migrate/migrated.dot.torrents
2017-08-09 21:16 - No DIR_DATA found in 2.Broke.Girls.S04E19.And.the.Look.of.the.Irish.720p.HDTV.DD5.1.x264-CtrlHD [IPT].torrent
2017-08-09 21:16 - Moved "/usb/torrents/.dot.torrents/2.Broke.Girls.S04E19.And.the.Look.of.the.Irish.720p.HDTV.DD5.1.x264-CtrlHD [IPT].torrent" to /home/dcorrigan/torrent-migrate/migrated.dot.torrents
2017-08-09 21:16 - No DIR_DATA found in 2.Broke.Girls.S04E20.1080i.HDTV.DD5.1.MPEG2-TOPKEK [IPT].torrent
2017-08-09 21:16 - Moved "/usb/torrents/.dot.torrents/2.Broke.Girls.S04E20.1080i.HDTV.DD5.1.MPEG2-TOPKEK [IPT].torrent" to /home/dcorrigan/torrent-migrate/migrated.dot.torrents
2017-08-09 21:16 - No DIR_DATA found in Alice.Through.the.Looking.Glass.2016.TC.mp4 [IPT].torrent
2017-08-09 21:16 - Moved "/usb/torrents/.dot.torrents/Alice.Through.the.Looking.Glass.2016.TC.mp4 [IPT].torrent" to /home/dcorrigan/torrent-migrate/migrated.dot.torrents
2017-08-09 21:16 - No DIR_DATA found in American.Crime.S03E04.PROPER.720p.HDTV.x264-FLEET [IPT].torrent
2017-08-09 21:16 - Moved "/usb/torrents/.dot.torrents/American.Crime.S03E04.PROPER.720p.HDTV.x264-FLEET [IPT].torrent" to /home/dcorrigan/torrent-migrate/migrated.dot.torrents
2017-08-09 21:16 - No DIR_DATA found in American.Crime.S03E04.PROPER.720p.HEVC.x265-MeGusta [IPT].torrent
2017-08-09 21:16 - Moved "/usb/torrents/.dot.torrents/American.Crime.S03E04.PROPER.720p.HEVC.x265-MeGusta [IPT].torrent" to /home/dcorrigan/torrent-migrate/migrated.dot.torrents
2017-08-09 21:16 - No DIR_DATA found in American.Crime.S03E04.PROPER.720p.HEVC.x265-MeGusta.torrent
2017-08-09 21:16 - Moved "/usb/torrents/.dot.torrents/American.Crime.S03E04.PROPER.720p.HEVC.x265-MeGusta.torrent" to /home/dcorrigan/torrent-migrate/migrated.dot.torrents
2017-08-09 21:16 - No DIR_DATA found in American.Crime.S03E05.720p.HDTV.x264-AVS [IPT].torrent
2017-08-09 21:16 - Moved "/usb/torrents/.dot.torrents/American.Crime.S03E05.720p.HDTV.x264-AVS [IPT].torrent" to /home/dcorrigan/torrent-migrate/migrated.dot.torrents
2017-08-09 21:16 - No DIR_DATA found in American.Crime.S03E05.720p.HEVC.x265-MeGusta [IPT].torrent
2017-08-09 21:16 - Moved "/usb/torrents/.dot.torrents/American.Crime.S03E05.720p.HEVC.x265-MeGusta [IPT].torrent" to /home/dcorrigan/torrent-migrate/migrated.dot.torrents
2017-08-09 21:16 - No DIR_DATA found in American.Crime.S03E06.720p.HDTV.x264-AVS [IPT].torrent
2017-08-09 21:16 - Moved "/usb/torrents/.dot.torrents/American.Crime.S03E06.720p.HDTV.x264-AVS [IPT].torrent" to /home/dcorrigan/torrent-migrate/migrated.dot.torrents
2017-08-09 21:16 - No DIR_DATA found in American.Crime.S03E06.720p.HEVC.x265-MeGusta [IPT].torrent
2017-08-09 21:16 - Moved "/usb/torrents/.dot.torrents/American.Crime.S03E06.720p.HEVC.x265-MeGusta [IPT].torrent" to /home/dcorrigan/torrent-migrate/migrated.dot.torrents
2017-08-09 21:16 - No DIR_DATA found in American.Crime.S03E07.720p.HDTV.x264-AVS [IPT].torrent
2017-08-09 21:16 - Moved "/usb/torrents/.dot.torrents/American.Crime.S03E07.720p.HDTV.x264-AVS [IPT].torrent" to /home/dcorrigan/torrent-migrate/migrated.dot.torrents
2017-08-09 21:16 - No DIR_DATA found in American.Crime.S03E07.720p.HEVC.x265-MeGusta [IPT].torrent
2017-08-09 21:16 - Moved "/usb/torrents/.dot.torrents/American.Crime.S03E07.720p.HEVC.x265-MeGusta [IPT].torrent" to /home/dcorrigan/torrent-migrate/migrated.dot.torrents
2017-08-09 21:16 - No DIR_DATA found in American.Crime.S03E08.720p.HDTV.x264-AVS [IPT].torrent
2017-08-09 21:16 - Moved "/usb/torrents/.dot.torrents/American.Crime.S03E08.720p.HDTV.x264-AVS [IPT].torrent" to /home/dcorrigan/torrent-migrate/migrated.dot.torrents
2017-08-09 21:16 - No DIR_DATA found in American.Crime.S03E08.720p.HEVC.x265-MeGusta [IPT].torrent
2017-08-09 21:16 - Moved "/usb/torrents/.dot.torrents/American.Crime.S03E08.720p.HEVC.x265-MeGusta [IPT].torrent" to /home/dcorrigan/torrent-migrate/migrated.dot.torrents
2017-08-09 21:16 - No DIR_DATA found in American.Dad.S11E12.720p.HDTV.x264-IMMERSE [IPT].torrent
2017-08-09 21:16 - Moved "/usb/torrents/.dot.torrents/American.Dad.S11E12.720p.HDTV.x264-IMMERSE [IPT].torrent" to /home/dcorrigan/torrent-migrate/migrated.dot.torrents
2017-08-09 21:16 - No DIR_DATA found in American.Dad.S11E12.INTERNAL.720p.HDTV.x264-BATV [IPT].torrent
2017-08-09 21:16 - Moved "/usb/torrents/.dot.torrents/American.Dad.S11E12.INTERNAL.720p.HDTV.x264-BATV [IPT].torrent" to /home/dcorrigan/torrent-migrate/migrated.dot.torrents
2017-08-09 21:16 - No DIR_DATA found in American.Dad.S12E01.720p.HDTV.x264-AVS [IPT].torrent
2017-08-09 21:16 - Moved "/usb/torrents/.dot.torrents/American.Dad.S12E01.720p.HDTV.x264-AVS [IPT].torrent" to /home/dcorrigan/torrent-migrate/migrated.dot.torrents
2017-08-09 21:16 - No DIR_DATA found in American.Dad.S12E03.720p.HDTV.x264-AVS [IPT].torrent
2017-08-09 21:16 - Moved "/usb/torrents/.dot.torrents/American.Dad.S12E03.720p.HDTV.x264-AVS [IPT].torrent" to /home/dcorrigan/torrent-migrate/migrated.dot.torrents
2017-08-09 21:16 - No DIR_DATA found in American.Dad.S12E07.720p.HDTV.x264-FLEET [IPT].torrent
2017-08-09 21:16 - Moved "/usb/torrents/.dot.torrents/American.Dad.S12E07.720p.HDTV.x264-FLEET [IPT].torrent" to /home/dcorrigan/torrent-migrate/migrated.dot.torrents
2017-08-09 21:16 - No DIR_DATA found in American.Dad.S12E12.720p.HDTV.x264-AVS [IPT].torrent
2017-08-09 21:16 - Moved "/usb/torrents/.dot.torrents/American.Dad.S12E12.720p.HDTV.x264-AVS [IPT].torrent" to /home/dcorrigan/torrent-migrate/migrated.dot.torrents
2017-08-09 21:16 - No DIR_DATA found in American.Dad.S12E14.720p.HDTV.x264-SVA [IPT].torrent
2017-08-09 21:16 - Moved "/usb/torrents/.dot.torrents/American.Dad.S12E14.720p.HDTV.x264-SVA [IPT].torrent" to /home/dcorrigan/torrent-migrate/migrated.dot.torrents
2017-08-09 21:16 - No DIR_DATA found in American.Dad.S12E16.720p.HDTV.x264-AVS [IPT].torrent
2017-08-09 21:16 - Moved "/usb/torrents/.dot.torrents/American.Dad.S12E16.720p.HDTV.x264-AVS [IPT].torrent" to /home/dcorrigan/torrent-migrate/migrated.dot.torrents
2017-08-09 21:16 - No DIR_DATA found in American.Dad.S13E06.720p.HDTV.x264-FLEET [IPT].torrent
2017-08-09 21:16 - Moved "/usb/torrents/.dot.torrents/American.Dad.S13E06.720p.HDTV.x264-FLEET [IPT].torrent" to /home/dcorrigan/torrent-migrate/migrated.dot.torrents
2017-08-09 21:16 - No DIR_DATA found in American.Dad.S13E11.720p.HDTV.x264-AVS [IPT].torrent
2017-08-09 21:16 - Moved "/usb/torrents/.dot.torrents/American.Dad.S13E11.720p.HDTV.x264-AVS [IPT].torrent" to /home/dcorrigan/torrent-migrate/migrated.dot.torrents
2017-08-09 21:16 - No DIR_DATA found in American.Dad.S13E12.720p.HDTV.x264-AVS [IPT].torrent
2017-08-09 21:16 - Moved "/usb/torrents/.dot.torrents/American.Dad.S13E12.720p.HDTV.x264-AVS [IPT].torrent" to /home/dcorrigan/torrent-migrate/migrated.dot.torrents
2017-08-09 21:16 - No DIR_DATA found in American.Dad.S13E15.720p.HDTV.x264-AVS [IPT].torrent
2017-08-09 21:16 - Moved "/usb/torrents/.dot.torrents/American.Dad.S13E15.720p.HDTV.x264-AVS [IPT].torrent" to /home/dcorrigan/torrent-migrate/migrated.dot.torrents
2017-08-09 21:16 - No DIR_DATA found in American Gods S01E01 The Bone Orchard (1080p x265 10bit Joy) [IPT].torrent
2017-08-09 21:16 - Moved "/usb/torrents/.dot.torrents/American Gods S01E01 The Bone Orchard (1080p x265 10bit Joy) [IPT].torrent" to /home/dcorrigan/torrent-migrate/migrated.dot.torrents
2017-08-09 21:16 - No DIR_DATA found in American Gods S01E02 The Secret of Spoons (1080p x265 10bit Joy) [IPT].torrent
2017-08-09 21:16 - Moved "/usb/torrents/.dot.torrents/American Gods S01E02 The Secret of Spoons (1080p x265 10bit Joy) [IPT].torrent" to /home/dcorrigan/torrent-migrate/migrated.dot.torrents
2017-08-09 21:16 - No DIR_DATA found in American Gods S01E03 Head Full of Snow (1080p x265 10bit Joy) [IPT].torrent
2017-08-09 21:16 - Moved "/usb/torrents/.dot.torrents/American Gods S01E03 Head Full of Snow (1080p x265 10bit Joy) [IPT].torrent" to /home/dcorrigan/torrent-migrate/migrated.dot.torrents
2017-08-09 21:16 - No DIR_DATA found in american.gods.s01e04.1080p.webrip.hevc.x265.rmteam [IPT].torrent
2017-08-09 21:16 - Moved "/usb/torrents/.dot.torrents/american.gods.s01e04.1080p.webrip.hevc.x265.rmteam [IPT].torrent" to /home/dcorrigan/torrent-migrate/migrated.dot.torrents
2017-08-09 21:16 - No DIR_DATA found in American.Gods.S01E04.MULTi.1080p.HEVC.x265-MeGusta [IPT].torrent
2017-08-09 21:16 - Moved "/usb/torrents/.dot.torrents/American.Gods.S01E04.MULTi.1080p.HEVC.x265-MeGusta [IPT].torrent" to /home/dcorrigan/torrent-migrate/migrated.dot.torrents
2017-08-09 21:16 - No DIR_DATA found in American.Gods.S01E05.1080p.HEVC.x265-MeGusta [IPT].torrent
2017-08-09 21:16 - Moved "/usb/torrents/.dot.torrents/American.Gods.S01E05.1080p.HEVC.x265-MeGusta [IPT].torrent" to /home/dcorrigan/torrent-migrate/migrated.dot.torrents
2017-08-09 21:16 - No DIR_DATA found in American.Gods.S01E05.MULTi.1080p.HEVC.x265-MeGusta [IPT].torrent
2017-08-09 21:16 - Moved "/usb/torrents/.dot.torrents/American.Gods.S01E05.MULTi.1080p.HEVC.x265-MeGusta [IPT].torrent" to /home/dcorrigan/torrent-migrate/migrated.dot.torrents
2017-08-09 21:16 - No DIR_DATA found in American.Gods.S01E06.1080p.HEVC.x265-MeGusta [IPT].torrent
2017-08-09 21:16 - Moved "/usb/torrents/.dot.torrents/American.Gods.S01E06.1080p.HEVC.x265-MeGusta [IPT].torrent" to /home/dcorrigan/torrent-migrate/migrated.dot.torrents
2017-08-09 21:16 - No DIR_DATA found in american.gods.s01e06.1080p.webrip.hevc.x265.rmteam [IPT].torrent
2017-08-09 21:16 - Moved "/usb/torrents/.dot.torrents/american.gods.s01e06.1080p.webrip.hevc.x265.rmteam [IPT].torrent" to /home/dcorrigan/torrent-migrate/migrated.dot.torrents
2017-08-09 21:16 - No DIR_DATA found in American.Gods.S01E06.MULTi.1080p.HEVC.x265-MeGusta [IPT].torrent
2017-08-09 21:16 - Moved "/usb/torrents/.dot.torrents/American.Gods.S01E06.MULTi.1080p.HEVC.x265-MeGusta [IPT].torrent" to /home/dcorrigan/torrent-migrate/migrated.dot.torrents
2017-08-09 21:16 - No DIR_DATA found in American.Gods.S01E07.1080p.HEVC.x265-MeGusta [IPT].torrent
2017-08-09 21:16 - Moved "/usb/torrents/.dot.torrents/American.Gods.S01E07.1080p.HEVC.x265-MeGusta [IPT].torrent" to /home/dcorrigan/torrent-migrate/migrated.dot.torrents
2017-08-09 21:16 - No DIR_DATA found in American Gods S01E07 A Prayer For Mad Sweeney (1080p x265 10bit Joy) [IPT].torrent
2017-08-09 21:16 - Moved "/usb/torrents/.dot.torrents/American Gods S01E07 A Prayer For Mad Sweeney (1080p x265 10bit Joy) [IPT].torrent" to /home/dcorrigan/torrent-migrate/migrated.dot.torrents
2017-08-09 21:16 - No DIR_DATA found in American.Gods.S01E07.MULTi.1080p.HEVC.x265-MeGusta [IPT].torrent
2017-08-09 21:16 - Moved "/usb/torrents/.dot.torrents/American.Gods.S01E07.MULTi.1080p.HEVC.x265-MeGusta [IPT].torrent" to /home/dcorrigan/torrent-migrate/migrated.dot.torrents
2017-08-09 21:16 - No DIR_DATA found in American.Gods.S01E08.1080p.HEVC.x265-MeGusta [IPT].torrent
2017-08-09 21:16 - Moved "/usb/torrents/.dot.torrents/American.Gods.S01E08.1080p.HEVC.x265-MeGusta [IPT].torrent" to /home/dcorrigan/torrent-migrate/migrated.dot.torrents
2017-08-09 21:16 - No DIR_DATA found in American.Horror.Story.S05E02.PROPER.720p.HDTV.x264-KILLERS [IPT].torrent
2017-08-09 21:16 - Moved "/usb/torrents/.dot.torrents/American.Horror.Story.S05E02.PROPER.720p.HDTV.x264-KILLERS [IPT].torrent" to /home/dcorrigan/torrent-migrate/migrated.dot.torrents
2017-08-09 21:16 - No DIR_DATA found in American.Horror.Story.S05E03.720p.HDTV.x264-KILLERS [IPT].torrent
2017-08-09 21:16 - Moved "/usb/torrents/.dot.torrents/American.Horror.Story.S05E03.720p.HDTV.x264-KILLERS [IPT].torrent" to /home/dcorrigan/torrent-migrate/migrated.dot.torrents
2017-08-09 21:16 - No DIR_DATA found in American.Horror.Story.S05E04.720p.HDTV.x264-FLEET [IPT].torrent
2017-08-09 21:16 - Moved "/usb/torrents/.dot.torrents/American.Horror.Story.S05E04.720p.HDTV.x264-FLEET [IPT].torrent" to /home/dcorrigan/torrent-migrate/migrated.dot.torrents
2017-08-09 21:16 - No DIR_DATA found in American.Horror.Story.S05E07.720p.HDTV.x264-FLEET [IPT].torrent
2017-08-09 21:16 - Moved "/usb/torrents/.dot.torrents/American.Horror.Story.S05E07.720p.HDTV.x264-FLEET [IPT].torrent" to /home/dcorrigan/torrent-migrate/migrated.dot.torrents
2017-08-09 21:16 - No DIR_DATA found in American.Horror.Story.S05E08.720p.HDTV.x264-KILLERS [IPT].torrent
2017-08-09 21:16 - Moved "/usb/torrents/.dot.torrents/American.Horror.Story.S05E08.720p.HDTV.x264-KILLERS [IPT].torrent" to /home/dcorrigan/torrent-migrate/migrated.dot.torrents
2017-08-09 21:17 - Starting Script
2017-08-09 21:17 - mv "/usb/torrents/download/old/American.Horror.Story.S05E09.720p.HDTV.x264-KILLERS" /usb/torrents/download/
2017-08-09 21:17 - cp "/usb/torrents/.dot.torrents/American.Horror.Story.S05E09.720p.HDTV.x264-KILLERS [IPT].torrent" /usb/torrents/watch
2017-08-09 21:17 - Moved "/usb/torrents/.dot.torrents/American.Horror.Story.S05E09.720p.HDTV.x264-KILLERS [IPT].torrent" to /home/dcorrigan/torrent-migrate/migrated.dot.torrents
2017-08-09 21:17 - mv "/usb/torrents/download/old/American.Horror.Story.S05E11.720p.HDTV.x264-KILLERS" /usb/torrents/download/
2017-08-09 21:17 - cp "/usb/torrents/.dot.torrents/American.Horror.Story.S05E11.720p.HDTV.x264-KILLERS [IPT].torrent" /usb/torrents/watch
2017-08-09 21:17 - Moved "/usb/torrents/.dot.torrents/American.Horror.Story.S05E11.720p.HDTV.x264-KILLERS [IPT].torrent" to /home/dcorrigan/torrent-migrate/migrated.dot.torrents
2017-08-09 21:17 - mv "/usb/torrents/download/old/American.Horror.Story.S05E12.720p.HDTV.x264-KILLERS" /usb/torrents/download/
2017-08-09 21:17 - cp "/usb/torrents/.dot.torrents/American.Horror.Story.S05E12.720p.HDTV.x264-KILLERS [IPT].torrent" /usb/torrents/watch
2017-08-09 21:17 - Moved "/usb/torrents/.dot.torrents/American.Horror.Story.S05E12.720p.HDTV.x264-KILLERS [IPT].torrent" to /home/dcorrigan/torrent-migrate/migrated.dot.torrents
2017-08-09 21:17 - mv "/usb/torrents/download/old/American.Horror.Story.S06E01.720p.HDTV.x264-AVS" /usb/torrents/download/
2017-08-09 21:17 - cp "/usb/torrents/.dot.torrents/American.Horror.Story.S06E01.720p.HDTV.x264-AVS [IPT].torrent" /usb/torrents/watch
2017-08-09 21:17 - Moved "/usb/torrents/.dot.torrents/American.Horror.Story.S06E01.720p.HDTV.x264-AVS [IPT].torrent" to /home/dcorrigan/torrent-migrate/migrated.dot.torrents
2017-08-09 21:17 - mv "/usb/torrents/download/old/American.Horror.Story.S06E02.720p.HDTV.x264-AVS" /usb/torrents/download/
2017-08-09 21:17 - cp "/usb/torrents/.dot.torrents/American.Horror.Story.S06E02.720p.HDTV.x264-AVS [IPT].torrent" /usb/torrents/watch
2017-08-09 21:17 - Moved "/usb/torrents/.dot.torrents/American.Horror.Story.S06E02.720p.HDTV.x264-AVS [IPT].torrent" to /home/dcorrigan/torrent-migrate/migrated.dot.torrents
2017-08-09 21:17 - mv "/usb/torrents/download/old/American.Horror.Story.S06E03.720p.HDTV.x264-KILLERS" /usb/torrents/download/
2017-08-09 21:17 - cp "/usb/torrents/.dot.torrents/American.Horror.Story.S06E03.720p.HDTV.x264-KILLERS [IPT].torrent" /usb/torrents/watch
2017-08-09 21:17 - Moved "/usb/torrents/.dot.torrents/American.Horror.Story.S06E03.720p.HDTV.x264-KILLERS [IPT].torrent" to /home/dcorrigan/torrent-migrate/migrated.dot.torrents
2017-08-09 21:17 - mv "/usb/torrents/download/old/American.Horror.Story.S06E04.720p.HDTV.x264-AVS" /usb/torrents/download/
2017-08-09 21:17 - cp "/usb/torrents/.dot.torrents/American.Horror.Story.S06E04.720p.HDTV.x264-AVS [IPT].torrent" /usb/torrents/watch
2017-08-09 21:17 - Moved "/usb/torrents/.dot.torrents/American.Horror.Story.S06E04.720p.HDTV.x264-AVS [IPT].torrent" to /home/dcorrigan/torrent-migrate/migrated.dot.torrents
2017-08-09 21:17 - mv "/usb/torrents/download/old/American.Horror.Story.S06E05.720p.HDTV.x264-KILLERS" /usb/torrents/download/
2017-08-09 21:17 - cp "/usb/torrents/.dot.torrents/American.Horror.Story.S06E05.720p.HDTV.x264-KILLERS [IPT].torrent" /usb/torrents/watch
2017-08-09 21:17 - Moved "/usb/torrents/.dot.torrents/American.Horror.Story.S06E05.720p.HDTV.x264-KILLERS [IPT].torrent" to /home/dcorrigan/torrent-migrate/migrated.dot.torrents
2017-08-09 21:17 - mv "/usb/torrents/download/old/American.Horror.Story.S06E06.720p.HDTV.x264-KILLERS" /usb/torrents/download/
2017-08-09 21:17 - cp "/usb/torrents/.dot.torrents/American.Horror.Story.S06E06.720p.HDTV.x264-KILLERS [IPT].torrent" /usb/torrents/watch
2017-08-09 21:17 - Moved "/usb/torrents/.dot.torrents/American.Horror.Story.S06E06.720p.HDTV.x264-KILLERS [IPT].torrent" to /home/dcorrigan/torrent-migrate/migrated.dot.torrents
2017-08-09 21:17 - mv "/usb/torrents/download/old/American.Horror.Story.S06E07.720p.HDTV.x264-KILLERS" /usb/torrents/download/
2017-08-09 21:17 - cp "/usb/torrents/.dot.torrents/American.Horror.Story.S06E07.720p.HDTV.x264-KILLERS [IPT].torrent" /usb/torrents/watch
2017-08-09 21:17 - Moved "/usb/torrents/.dot.torrents/American.Horror.Story.S06E07.720p.HDTV.x264-KILLERS [IPT].torrent" to /home/dcorrigan/torrent-migrate/migrated.dot.torrents
2017-08-09 21:17 - mv "/usb/torrents/download/old/American.Horror.Story.S06E08.720p.HDTV.x264-FLEET" /usb/torrents/download/
2017-08-09 21:17 - cp "/usb/torrents/.dot.torrents/American.Horror.Story.S06E08.720p.HDTV.x264-FLEET [IPT].torrent" /usb/torrents/watch
2017-08-09 21:17 - Moved "/usb/torrents/.dot.torrents/American.Horror.Story.S06E08.720p.HDTV.x264-FLEET [IPT].torrent" to /home/dcorrigan/torrent-migrate/migrated.dot.torrents
2017-08-09 21:17 - mv "/usb/torrents/download/old/American.Horror.Story.S06E10.720p.HDTV.x264-FLEET" /usb/torrents/download/
2017-08-09 21:17 - cp "/usb/torrents/.dot.torrents/American.Horror.Story.S06E10.720p.HDTV.x264-FLEET [IPT].torrent" /usb/torrents/watch
2017-08-09 21:17 - Moved "/usb/torrents/.dot.torrents/American.Horror.Story.S06E10.720p.HDTV.x264-FLEET [IPT].torrent" to /home/dcorrigan/torrent-migrate/migrated.dot.torrents
2017-08-09 21:17 - mv "/usb/torrents/download/old/Ancient.Aliens.S11E03.The.Next.Humans.720p.HDTV.x264-DHD" /usb/torrents/download/
2017-08-09 21:17 - cp "/usb/torrents/.dot.torrents/Ancient.Aliens.S11E03.The.Next.Humans.720p.HDTV.x264-DHD [IPT].torrent" /usb/torrents/watch
2017-08-09 21:17 - Moved "/usb/torrents/.dot.torrents/Ancient.Aliens.S11E03.The.Next.Humans.720p.HDTV.x264-DHD [IPT].torrent" to /home/dcorrigan/torrent-migrate/migrated.dot.torrents
2017-08-09 21:17 - mv "/usb/torrents/download/old/Ann Coulter - Demonic" /usb/torrents/download/
2017-08-09 21:17 - cp "/usb/torrents/.dot.torrents/Ann%20Coulter%20-%20Demonic.torrent" /usb/torrents/watch
2017-08-09 21:17 - Moved "/usb/torrents/.dot.torrents/Ann%20Coulter%20-%20Demonic.torrent" to /home/dcorrigan/torrent-migrate/migrated.dot.torrents
2017-08-09 21:17 - mv "/usb/torrents/download/old/Archer.2009.S06E11.720p.HDTV.x264-KILLERS" /usb/torrents/download/
2017-08-09 21:17 - cp "/usb/torrents/.dot.torrents/Archer.2009.S06E11.720p.HDTV.x264-KILLERS [IPT].torrent" /usb/torrents/watch
2017-08-09 21:17 - Moved "/usb/torrents/.dot.torrents/Archer.2009.S06E11.720p.HDTV.x264-KILLERS [IPT].torrent" to /home/dcorrigan/torrent-migrate/migrated.dot.torrents
2017-08-09 21:17 - mv "/usb/torrents/download/old/Archer.2009.S06E12.720p.HDTV.x264-KILLERS" /usb/torrents/download/
2017-08-09 21:17 - cp "/usb/torrents/.dot.torrents/Archer.2009.S06E12.720p.HDTV.x264-KILLERS [IPT].torrent" /usb/torrents/watch
2017-08-09 21:17 - Moved "/usb/torrents/.dot.torrents/Archer.2009.S06E12.720p.HDTV.x264-KILLERS [IPT].torrent" to /home/dcorrigan/torrent-migrate/migrated.dot.torrents
2017-08-09 21:17 - mv "/usb/torrents/download/old/Archer.2009.S06E13.720p.HDTV.x264-KILLERS" /usb/torrents/download/
2017-08-09 21:17 - cp "/usb/torrents/.dot.torrents/Archer.2009.S06E13.720p.HDTV.x264-KILLERS [IPT].torrent" /usb/torrents/watch
2017-08-09 21:17 - Moved "/usb/torrents/.dot.torrents/Archer.2009.S06E13.720p.HDTV.x264-KILLERS [IPT].torrent" to /home/dcorrigan/torrent-migrate/migrated.dot.torrents
2017-08-09 21:17 - mv "/usb/torrents/download/old/Archer.2009.S07E01.720p.HDTV.x264-AVS" /usb/torrents/download/
2017-08-09 21:17 - cp "/usb/torrents/.dot.torrents/Archer.2009.S07E01.720p.HDTV.x264-AVS [IPT].torrent" /usb/torrents/watch
2017-08-09 21:17 - Moved "/usb/torrents/.dot.torrents/Archer.2009.S07E01.720p.HDTV.x264-AVS [IPT].torrent" to /home/dcorrigan/torrent-migrate/migrated.dot.torrents
2017-08-09 21:17 - mv "/usb/torrents/download/old/Archer.2009.S07E03.720p.HDTV.x264-AVS" /usb/torrents/download/
2017-08-09 21:17 - cp "/usb/torrents/.dot.torrents/Archer.2009.S07E03.720p.HDTV.x264-AVS [IPT].torrent" /usb/torrents/watch
2017-08-09 21:17 - Moved "/usb/torrents/.dot.torrents/Archer.2009.S07E03.720p.HDTV.x264-AVS [IPT].torrent" to /home/dcorrigan/torrent-migrate/migrated.dot.torrents
2017-08-09 21:17 - mv "/usb/torrents/download/old/Archer.2009.S07E04.720p.HDTV.x264-AVS" /usb/torrents/download/
2017-08-09 21:17 - cp "/usb/torrents/.dot.torrents/Archer.2009.S07E04.720p.HDTV.x264-AVS [IPT].torrent" /usb/torrents/watch
2017-08-09 21:17 - Moved "/usb/torrents/.dot.torrents/Archer.2009.S07E04.720p.HDTV.x264-AVS [IPT].torrent" to /home/dcorrigan/torrent-migrate/migrated.dot.torrents
2017-08-09 21:17 - mv "/usb/torrents/download/old/Archer.2009.S07E05.720p.HDTV.x264-AVS" /usb/torrents/download/
2017-08-09 21:17 - cp "/usb/torrents/.dot.torrents/Archer.2009.S07E05.720p.HDTV.x264-AVS [IPT].torrent" /usb/torrents/watch
2017-08-09 21:17 - Moved "/usb/torrents/.dot.torrents/Archer.2009.S07E05.720p.HDTV.x264-AVS [IPT].torrent" to /home/dcorrigan/torrent-migrate/migrated.dot.torrents
2017-08-09 21:17 - mv "/usb/torrents/download/old/Archer.2009.S07E06.720p.HDTV.x264-AVS" /usb/torrents/download/
2017-08-09 21:17 - cp "/usb/torrents/.dot.torrents/Archer.2009.S07E06.720p.HDTV.x264-AVS [IPT].torrent" /usb/torrents/watch
2017-08-09 21:17 - Moved "/usb/torrents/.dot.torrents/Archer.2009.S07E06.720p.HDTV.x264-AVS [IPT].torrent" to /home/dcorrigan/torrent-migrate/migrated.dot.torrents
2017-08-09 21:17 - mv "/usb/torrents/download/old/Archer.2009.S07E08.720p.HDTV.x264-AVS" /usb/torrents/download/
2017-08-09 21:17 - cp "/usb/torrents/.dot.torrents/Archer.2009.S07E08.720p.HDTV.x264-AVS [IPT].torrent" /usb/torrents/watch
2017-08-09 21:17 - Moved "/usb/torrents/.dot.torrents/Archer.2009.S07E08.720p.HDTV.x264-AVS [IPT].torrent" to /home/dcorrigan/torrent-migrate/migrated.dot.torrents
2017-08-09 21:17 - mv "/usb/torrents/download/old/Archer.2009.S07E09.720p.HDTV.x264-FLEET" /usb/torrents/download/
2017-08-09 21:17 - cp "/usb/torrents/.dot.torrents/Archer.2009.S07E09.720p.HDTV.x264-FLEET [IPT].torrent" /usb/torrents/watch
2017-08-09 21:17 - Moved "/usb/torrents/.dot.torrents/Archer.2009.S07E09.720p.HDTV.x264-FLEET [IPT].torrent" to /home/dcorrigan/torrent-migrate/migrated.dot.torrents
2017-08-09 21:17 - mv "/usb/torrents/download/old/Archer.2009.S07E10.720p.HDTV.x264-FLEET" /usb/torrents/download/
2017-08-09 21:17 - cp "/usb/torrents/.dot.torrents/Archer.2009.S07E10.720p.HDTV.x264-FLEET [IPT].torrent" /usb/torrents/watch
2017-08-09 21:17 - Moved "/usb/torrents/.dot.torrents/Archer.2009.S07E10.720p.HDTV.x264-FLEET [IPT].torrent" to /home/dcorrigan/torrent-migrate/migrated.dot.torrents
2017-08-09 21:17 - mv "/usb/torrents/download/old/Archer.2009.S08E01.720p.HDTV.x264-AVS" /usb/torrents/download/
2017-08-09 21:17 - cp "/usb/torrents/.dot.torrents/Archer.2009.S08E01.720p.HDTV.x264-AVS [IPT].torrent" /usb/torrents/watch
2017-08-09 21:17 - Moved "/usb/torrents/.dot.torrents/Archer.2009.S08E01.720p.HDTV.x264-AVS [IPT].torrent" to /home/dcorrigan/torrent-migrate/migrated.dot.torrents
2017-08-09 21:17 - mv "/usb/torrents/download/old/Archer.2009.S08E02.720p.HDTV.x264-AVS" /usb/torrents/download/
2017-08-09 21:17 - cp "/usb/torrents/.dot.torrents/Archer.2009.S08E02.720p.HDTV.x264-AVS [IPT].torrent" /usb/torrents/watch
2017-08-09 21:17 - Moved "/usb/torrents/.dot.torrents/Archer.2009.S08E02.720p.HDTV.x264-AVS [IPT].torrent" to /home/dcorrigan/torrent-migrate/migrated.dot.torrents
2017-08-09 21:17 - mv "/usb/torrents/download/old/Archer.2009.S08E03.720p.HDTV.x264-AVS" /usb/torrents/download/
2017-08-09 21:17 - cp "/usb/torrents/.dot.torrents/Archer.2009.S08E03.720p.HDTV.x264-AVS [IPT].torrent" /usb/torrents/watch
2017-08-09 21:17 - Moved "/usb/torrents/.dot.torrents/Archer.2009.S08E03.720p.HDTV.x264-AVS [IPT].torrent" to /home/dcorrigan/torrent-migrate/migrated.dot.torrents
2017-08-09 21:17 - mv "/usb/torrents/download/old/Archer.2009.S08E04.720p.HDTV.x264-AVS" /usb/torrents/download/
2017-08-09 21:17 - cp "/usb/torrents/.dot.torrents/Archer.2009.S08E04.720p.HDTV.x264-AVS [IPT].torrent" /usb/torrents/watch
2017-08-09 21:17 - Moved "/usb/torrents/.dot.torrents/Archer.2009.S08E04.720p.HDTV.x264-AVS [IPT].torrent" to /home/dcorrigan/torrent-migrate/migrated.dot.torrents
2017-08-09 21:17 - mv "/usb/torrents/download/old/Archer.2009.S08E05.720p.HDTV.x264-AVS" /usb/torrents/download/
2017-08-09 21:17 - cp "/usb/torrents/.dot.torrents/Archer.2009.S08E05.720p.HDTV.x264-AVS [IPT].torrent" /usb/torrents/watch
2017-08-09 21:17 - Moved "/usb/torrents/.dot.torrents/Archer.2009.S08E05.720p.HDTV.x264-AVS [IPT].torrent" to /home/dcorrigan/torrent-migrate/migrated.dot.torrents
2017-08-09 21:17 - mv "/usb/torrents/download/old/Archer.2009.S08E07.720p.HDTV.x264-AVS" /usb/torrents/download/
2017-08-09 21:17 - cp "/usb/torrents/.dot.torrents/Archer.2009.S08E07.720p.HDTV.x264-AVS [IPT].torrent" /usb/torrents/watch
2017-08-09 21:17 - Moved "/usb/torrents/.dot.torrents/Archer.2009.S08E07.720p.HDTV.x264-AVS [IPT].torrent" to /home/dcorrigan/torrent-migrate/migrated.dot.torrents
2017-08-09 21:17 - mv "/usb/torrents/download/old/Archer.2009.S08E08.720p.HDTV.x264-AVS" /usb/torrents/download/
2017-08-09 21:17 - cp "/usb/torrents/.dot.torrents/Archer.2009.S08E08.720p.HDTV.x264-AVS [IPT].torrent" /usb/torrents/watch
2017-08-09 21:17 - Moved "/usb/torrents/.dot.torrents/Archer.2009.S08E08.720p.HDTV.x264-AVS [IPT].torrent" to /home/dcorrigan/torrent-migrate/migrated.dot.torrents
2017-08-09 21:17 - mv "/usb/torrents/download/old/Ash.vs.Evil.Dead.S02E02.720p.HDTV.x264-FLEET" /usb/torrents/download/
2017-08-09 21:17 - cp "/usb/torrents/.dot.torrents/Ash.vs.Evil.Dead.S02E02.720p.HDTV.x264-FLEET [IPT].torrent" /usb/torrents/watch
2017-08-09 21:17 - Moved "/usb/torrents/.dot.torrents/Ash.vs.Evil.Dead.S02E02.720p.HDTV.x264-FLEET [IPT].torrent" to /home/dcorrigan/torrent-migrate/migrated.dot.torrents
2017-08-09 21:17 - mv "/usb/torrents/download/old/Ash.vs.Evil.Dead.S02E02.INTERNAL.720p.HDTV.x264-KILLERS" /usb/torrents/download/
2017-08-09 21:17 - cp "/usb/torrents/.dot.torrents/Ash.vs.Evil.Dead.S02E02.INTERNAL.720p.HDTV.x264-KILLERS [IPT].torrent" /usb/torrents/watch
2017-08-09 21:17 - Moved "/usb/torrents/.dot.torrents/Ash.vs.Evil.Dead.S02E02.INTERNAL.720p.HDTV.x264-KILLERS [IPT].torrent" to /home/dcorrigan/torrent-migrate/migrated.dot.torrents
2017-08-09 21:17 - mv "/usb/torrents/download/old/Ash.vs.Evil.Dead.S02E03.720p.HDTV.x264-FLEET" /usb/torrents/download/
2017-08-09 21:17 - cp "/usb/torrents/.dot.torrents/Ash.vs.Evil.Dead.S02E03.720p.HDTV.x264-FLEET [IPT].torrent" /usb/torrents/watch
2017-08-09 21:17 - Moved "/usb/torrents/.dot.torrents/Ash.vs.Evil.Dead.S02E03.720p.HDTV.x264-FLEET [IPT].torrent" to /home/dcorrigan/torrent-migrate/migrated.dot.torrents
2017-08-09 21:17 - No DIR_DATA found in Ash.Vs.Evil.Dead.S02E03.720p.HDTV.x264-IchiMaruGin.mkv [IPT].torrent
2017-08-09 21:17 - Moved "/usb/torrents/.dot.torrents/Ash.Vs.Evil.Dead.S02E03.720p.HDTV.x264-IchiMaruGin.mkv [IPT].torrent" to /home/dcorrigan/torrent-migrate/migrated.dot.torrents
2017-08-09 21:17 - mv "/usb/torrents/download/old/Ash.vs.Evil.Dead.S02E03.720p.WEBRip.X264-DEFLATE" /usb/torrents/download/
2017-08-09 21:17 - cp "/usb/torrents/.dot.torrents/Ash.vs.Evil.Dead.S02E03.720p.WEBRip.X264-DEFLATE [IPT].torrent" /usb/torrents/watch
2017-08-09 21:17 - Moved "/usb/torrents/.dot.torrents/Ash.vs.Evil.Dead.S02E03.720p.WEBRip.X264-DEFLATE [IPT].torrent" to /home/dcorrigan/torrent-migrate/migrated.dot.torrents
2017-08-09 21:17 - mv "/usb/torrents/download/old/Ash.vs.Evil.Dead.S02E04.720p.HDTV.x264-FLEET" /usb/torrents/download/
2017-08-09 21:17 - cp "/usb/torrents/.dot.torrents/Ash.vs.Evil.Dead.S02E04.720p.HDTV.x264-FLEET [IPT].torrent" /usb/torrents/watch
2017-08-09 21:17 - Moved "/usb/torrents/.dot.torrents/Ash.vs.Evil.Dead.S02E04.720p.HDTV.x264-FLEET [IPT].torrent" to /home/dcorrigan/torrent-migrate/migrated.dot.torrents
2017-08-09 21:17 - mv "/usb/torrents/download/old/Ash.vs.Evil.Dead.S02E04.720p.WEBRip.X264-DEFLATE" /usb/torrents/download/
2017-08-09 21:17 - cp "/usb/torrents/.dot.torrents/Ash.vs.Evil.Dead.S02E04.720p.WEBRip.X264-DEFLATE [IPT].torrent" /usb/torrents/watch
2017-08-09 21:17 - Moved "/usb/torrents/.dot.torrents/Ash.vs.Evil.Dead.S02E04.720p.WEBRip.X264-DEFLATE [IPT].torrent" to /home/dcorrigan/torrent-migrate/migrated.dot.torrents
2017-08-09 21:17 - mv "/usb/torrents/download/old/Ash.vs.Evil.Dead.S02E05.720p.HDTV.x264-AVS" /usb/torrents/download/
2017-08-09 21:17 - cp "/usb/torrents/.dot.torrents/Ash.vs.Evil.Dead.S02E05.720p.HDTV.x264-AVS [IPT].torrent" /usb/torrents/watch
2017-08-09 21:17 - Moved "/usb/torrents/.dot.torrents/Ash.vs.Evil.Dead.S02E05.720p.HDTV.x264-AVS [IPT].torrent" to /home/dcorrigan/torrent-migrate/migrated.dot.torrents
2017-08-09 21:17 - mv "/usb/torrents/download/old/Ash.vs.Evil.Dead.S02E05.720p.HDTV.x264-FLEET" /usb/torrents/download/
2017-08-09 21:17 - cp "/usb/torrents/.dot.torrents/Ash.vs.Evil.Dead.S02E05.720p.HDTV.x264-FLEET [IPT].torrent" /usb/torrents/watch
2017-08-09 21:17 - Moved "/usb/torrents/.dot.torrents/Ash.vs.Evil.Dead.S02E05.720p.HDTV.x264-FLEET [IPT].torrent" to /home/dcorrigan/torrent-migrate/migrated.dot.torrents
2017-08-09 21:17 - mv "/usb/torrents/download/old/Ash.vs.Evil.Dead.S02E05.720p.WEBRip.X264-DEFLATE" /usb/torrents/download/
2017-08-09 21:17 - cp "/usb/torrents/.dot.torrents/Ash.vs.Evil.Dead.S02E05.720p.WEBRip.X264-DEFLATE [IPT].torrent" /usb/torrents/watch
2017-08-09 21:17 - Moved "/usb/torrents/.dot.torrents/Ash.vs.Evil.Dead.S02E05.720p.WEBRip.X264-DEFLATE [IPT].torrent" to /home/dcorrigan/torrent-migrate/migrated.dot.torrents
2017-08-09 21:17 - mv "/usb/torrents/download/old/Ash.vs.Evil.Dead.S02E06.720p.HDTV.x264-FLEET" /usb/torrents/download/
2017-08-09 21:17 - cp "/usb/torrents/.dot.torrents/Ash.vs.Evil.Dead.S02E06.720p.HDTV.x264-FLEET [IPT].torrent" /usb/torrents/watch
2017-08-09 21:17 - Moved "/usb/torrents/.dot.torrents/Ash.vs.Evil.Dead.S02E06.720p.HDTV.x264-FLEET [IPT].torrent" to /home/dcorrigan/torrent-migrate/migrated.dot.torrents
2017-08-09 21:17 - mv "/usb/torrents/download/old/Ash.vs.Evil.Dead.S02E07.720p.HDTV.x264-FLEET" /usb/torrents/download/
2017-08-09 21:17 - cp "/usb/torrents/.dot.torrents/Ash.vs.Evil.Dead.S02E07.720p.HDTV.x264-FLEET [IPT].torrent" /usb/torrents/watch
2017-08-09 21:17 - Moved "/usb/torrents/.dot.torrents/Ash.vs.Evil.Dead.S02E07.720p.HDTV.x264-FLEET [IPT].torrent" to /home/dcorrigan/torrent-migrate/migrated.dot.torrents
2017-08-09 21:17 - mv "/usb/torrents/download/old/Ash.vs.Evil.Dead.S02E07.720p.WEBRip.X264-DEFLATE" /usb/torrents/download/
2017-08-09 21:17 - cp "/usb/torrents/.dot.torrents/Ash.vs.Evil.Dead.S02E07.720p.WEBRip.X264-DEFLATE [IPT].torrent" /usb/torrents/watch
2017-08-09 21:17 - Moved "/usb/torrents/.dot.torrents/Ash.vs.Evil.Dead.S02E07.720p.WEBRip.X264-DEFLATE [IPT].torrent" to /home/dcorrigan/torrent-migrate/migrated.dot.torrents
2017-08-09 21:17 - mv "/usb/torrents/download/old/Ash.vs.Evil.Dead.S02E08.720p.HDTV.x264-AVS" /usb/torrents/download/
2017-08-09 21:17 - cp "/usb/torrents/.dot.torrents/Ash.vs.Evil.Dead.S02E08.720p.HDTV.x264-AVS [IPT].torrent" /usb/torrents/watch
2017-08-09 21:17 - Moved "/usb/torrents/.dot.torrents/Ash.vs.Evil.Dead.S02E08.720p.HDTV.x264-AVS [IPT].torrent" to /home/dcorrigan/torrent-migrate/migrated.dot.torrents
2017-08-09 21:17 - mv "/usb/torrents/download/old/Ash.vs.Evil.Dead.S02E08.720p.WEBRip.X264-DEFLATE" /usb/torrents/download/
2017-08-09 21:17 - cp "/usb/torrents/.dot.torrents/Ash.vs.Evil.Dead.S02E08.720p.WEBRip.X264-DEFLATE [IPT].torrent" /usb/torrents/watch
2017-08-09 21:17 - Moved "/usb/torrents/.dot.torrents/Ash.vs.Evil.Dead.S02E08.720p.WEBRip.X264-DEFLATE [IPT].torrent" to /home/dcorrigan/torrent-migrate/migrated.dot.torrents
2017-08-09 21:17 - mv "/usb/torrents/download/old/Ash.vs.Evil.Dead.S02E09.720p.HDTV.x264-FLEET" /usb/torrents/download/
2017-08-09 21:17 - cp "/usb/torrents/.dot.torrents/Ash.vs.Evil.Dead.S02E09.720p.HDTV.x264-FLEET [IPT].torrent" /usb/torrents/watch
2017-08-09 21:17 - Moved "/usb/torrents/.dot.torrents/Ash.vs.Evil.Dead.S02E09.720p.HDTV.x264-FLEET [IPT].torrent" to /home/dcorrigan/torrent-migrate/migrated.dot.torrents
2017-08-09 21:17 - mv "/usb/torrents/download/old/Ash.vs.Evil.Dead.S02E09.720p.WEBRip.X264-DEFLATE" /usb/torrents/download/
2017-08-09 21:17 - cp "/usb/torrents/.dot.torrents/Ash.vs.Evil.Dead.S02E09.720p.WEBRip.X264-DEFLATE [IPT].torrent" /usb/torrents/watch
2017-08-09 21:17 - Moved "/usb/torrents/.dot.torrents/Ash.vs.Evil.Dead.S02E09.720p.WEBRip.X264-DEFLATE [IPT].torrent" to /home/dcorrigan/torrent-migrate/migrated.dot.torrents
2017-08-09 21:17 - mv "/usb/torrents/download/old/Ash.vs.Evil.Dead.S02E10.720p.HDTV.x264-FLEET" /usb/torrents/download/
2017-08-09 21:17 - cp "/usb/torrents/.dot.torrents/Ash.vs.Evil.Dead.S02E10.720p.HDTV.x264-FLEET [IPT].torrent" /usb/torrents/watch
2017-08-09 21:17 - Moved "/usb/torrents/.dot.torrents/Ash.vs.Evil.Dead.S02E10.720p.HDTV.x264-FLEET [IPT].torrent" to /home/dcorrigan/torrent-migrate/migrated.dot.torrents
2017-08-09 21:17 - mv "/usb/torrents/download/old/Ash.vs.Evil.Dead.S02E10.720p.WEBRip.X264-DEFLATE" /usb/torrents/download/
2017-08-09 21:17 - cp "/usb/torrents/.dot.torrents/Ash.vs.Evil.Dead.S02E10.720p.WEBRip.X264-DEFLATE [IPT].torrent" /usb/torrents/watch
2017-08-09 21:17 - Moved "/usb/torrents/.dot.torrents/Ash.vs.Evil.Dead.S02E10.720p.WEBRip.X264-DEFLATE [IPT].torrent" to /home/dcorrigan/torrent-migrate/migrated.dot.torrents
2017-08-09 21:17 -  was not found -  Backstrom.S01E08.720p.HDTV.x264-KILLERS [IPT].torrent
2017-08-09 21:17 - Moved "/usb/torrents/.dot.torrents/Backstrom.S01E08.720p.HDTV.x264-KILLERS [IPT].torrent" to /home/dcorrigan/torrent-migrate/migrated.dot.torrents
2017-08-09 21:17 - mv "/usb/torrents/download/old/Backstrom.S01E09.720p.HDTV.x264-KILLERS" /usb/torrents/download/
2017-08-09 21:17 - cp "/usb/torrents/.dot.torrents/Backstrom.S01E09.720p.HDTV.x264-KILLERS [IPT].torrent" /usb/torrents/watch
2017-08-09 21:17 - Moved "/usb/torrents/.dot.torrents/Backstrom.S01E09.720p.HDTV.x264-KILLERS [IPT].torrent" to /home/dcorrigan/torrent-migrate/migrated.dot.torrents
2017-08-09 21:17 - mv "/usb/torrents/download/old/Backstrom.S01E09.720p.WEBRip.H264-TURBO" /usb/torrents/download/
2017-08-09 21:17 - cp "/usb/torrents/.dot.torrents/Backstrom.S01E09.720p.WEBRip.H264-TURBO [IPT].torrent" /usb/torrents/watch
2017-08-09 21:17 - Moved "/usb/torrents/.dot.torrents/Backstrom.S01E09.720p.WEBRip.H264-TURBO [IPT].torrent" to /home/dcorrigan/torrent-migrate/migrated.dot.torrents
2017-08-09 21:17 - mv "/usb/torrents/download/old/Backstrom.S01E10.720p.HDTV.x264-IMMERSE" /usb/torrents/download/
2017-08-09 21:17 - cp "/usb/torrents/.dot.torrents/Backstrom.S01E10.720p.HDTV.x264-IMMERSE [IPT].torrent" /usb/torrents/watch
2017-08-09 21:17 - Moved "/usb/torrents/.dot.torrents/Backstrom.S01E10.720p.HDTV.x264-IMMERSE [IPT].torrent" to /home/dcorrigan/torrent-migrate/migrated.dot.torrents
2017-08-09 21:17 - mv "/usb/torrents/download/old/Backstrom.S01E10.720p.WEBRip.H264-TURBO" /usb/torrents/download/
2017-08-09 21:17 - cp "/usb/torrents/.dot.torrents/Backstrom.S01E10.720p.WEBRip.H264-TURBO [IPT].torrent" /usb/torrents/watch
2017-08-09 21:17 - Moved "/usb/torrents/.dot.torrents/Backstrom.S01E10.720p.WEBRip.H264-TURBO [IPT].torrent" to /home/dcorrigan/torrent-migrate/migrated.dot.torrents
2017-08-09 21:17 - mv "/usb/torrents/download/old/Backstrom.S01E10.INTERNAL.720p.HDTV.x264-FiHTV" /usb/torrents/download/
2017-08-09 21:17 - cp "/usb/torrents/.dot.torrents/Backstrom.S01E10.INTERNAL.720p.HDTV.x264-FiHTV [IPT].torrent" /usb/torrents/watch
2017-08-09 21:17 - Moved "/usb/torrents/.dot.torrents/Backstrom.S01E10.INTERNAL.720p.HDTV.x264-FiHTV [IPT].torrent" to /home/dcorrigan/torrent-migrate/migrated.dot.torrents
2017-08-09 21:17 - mv "/usb/torrents/download/old/Backstrom.S01E11.720p.HDTV.x264-IMMERSE" /usb/torrents/download/
2017-08-09 21:17 - cp "/usb/torrents/.dot.torrents/Backstrom.S01E11.720p.HDTV.x264-IMMERSE [IPT].torrent" /usb/torrents/watch
2017-08-09 21:17 - Moved "/usb/torrents/.dot.torrents/Backstrom.S01E11.720p.HDTV.x264-IMMERSE [IPT].torrent" to /home/dcorrigan/torrent-migrate/migrated.dot.torrents
2017-08-09 21:17 - No DIR_DATA found in Backstrom.S01E11.720p.HDTV.x264-NOTIMMERSE.mkv [IPT].torrent
2017-08-09 21:17 - Moved "/usb/torrents/.dot.torrents/Backstrom.S01E11.720p.HDTV.x264-NOTIMMERSE.mkv [IPT].torrent" to /home/dcorrigan/torrent-migrate/migrated.dot.torrents
2017-08-09 21:17 - mv "/usb/torrents/download/old/Backstrom.S01E12.720p.HDTV.x264-KILLERS" /usb/torrents/download/
2017-08-09 21:17 - cp "/usb/torrents/.dot.torrents/Backstrom.S01E12.720p.HDTV.x264-KILLERS [IPT].torrent" /usb/torrents/watch
2017-08-09 21:17 - Moved "/usb/torrents/.dot.torrents/Backstrom.S01E12.720p.HDTV.x264-KILLERS [IPT].torrent" to /home/dcorrigan/torrent-migrate/migrated.dot.torrents
2017-08-09 21:17 - mv "/usb/torrents/download/old/Backstrom.S01E13.720p.HDTV.X264-DIMENSION" /usb/torrents/download/
2017-08-09 21:17 - cp "/usb/torrents/.dot.torrents/Backstrom.S01E13.720p.HDTV.X264-DIMENSION [IPT].torrent" /usb/torrents/watch
2017-08-09 21:17 - Moved "/usb/torrents/.dot.torrents/Backstrom.S01E13.720p.HDTV.X264-DIMENSION [IPT].torrent" to /home/dcorrigan/torrent-migrate/migrated.dot.torrents
2017-08-09 21:17 - mv "/usb/torrents/download/old/Backstrom.S01E13.REAL.720p.HDTV.x264-KILLERS" /usb/torrents/download/
2017-08-09 21:17 - cp "/usb/torrents/.dot.torrents/Backstrom.S01E13.REAL.720p.HDTV.x264-KILLERS [IPT].torrent" /usb/torrents/watch
2017-08-09 21:17 - Moved "/usb/torrents/.dot.torrents/Backstrom.S01E13.REAL.720p.HDTV.x264-KILLERS [IPT].torrent" to /home/dcorrigan/torrent-migrate/migrated.dot.torrents
2017-08-09 21:17 - mv "/usb/torrents/download/old/Bad.Moms.2016.HDCAM.XviD.AC3-UnKnOwN" /usb/torrents/download/
2017-08-09 21:17 - cp "/usb/torrents/.dot.torrents/Bad.Moms.2016.HDCAM.XviD.AC3-UnKnOwN [IPT].torrent" /usb/torrents/watch
2017-08-09 21:17 - Moved "/usb/torrents/.dot.torrents/Bad.Moms.2016.HDCAM.XviD.AC3-UnKnOwN [IPT].torrent" to /home/dcorrigan/torrent-migrate/migrated.dot.torrents
2017-08-09 21:17 - mv "/usb/torrents/download/old/Ballers.2015.S01E09.720p.HDTV.x264-0SEC" /usb/torrents/download/
2017-08-09 21:17 - cp "/usb/torrents/.dot.torrents/Ballers.2015.S01E09.720p.HDTV.x264-0SEC [IPT].torrent" /usb/torrents/watch
2017-08-09 21:17 - Moved "/usb/torrents/.dot.torrents/Ballers.2015.S01E09.720p.HDTV.x264-0SEC [IPT].torrent" to /home/dcorrigan/torrent-migrate/migrated.dot.torrents
2017-08-09 21:17 - mv "/usb/torrents/download/old/Ballers.2015.S01E10.720p.HDTV.x264-0SEC" /usb/torrents/download/
2017-08-09 21:17 - cp "/usb/torrents/.dot.torrents/Ballers.2015.S01E10.720p.HDTV.x264-0SEC [IPT].torrent" /usb/torrents/watch
2017-08-09 21:17 - Moved "/usb/torrents/.dot.torrents/Ballers.2015.S01E10.720p.HDTV.x264-0SEC [IPT].torrent" to /home/dcorrigan/torrent-migrate/migrated.dot.torrents
2017-08-09 21:17 - mv "/usb/torrents/download/old/Bates.Motel.S03E04.720p.HDTV.x264-IMMERSE" /usb/torrents/download/
2017-08-09 21:17 - cp "/usb/torrents/.dot.torrents/Bates.Motel.S03E04.720p.HDTV.x264-IMMERSE [IPT].torrent" /usb/torrents/watch
2017-08-09 21:17 - Moved "/usb/torrents/.dot.torrents/Bates.Motel.S03E04.720p.HDTV.x264-IMMERSE [IPT].torrent" to /home/dcorrigan/torrent-migrate/migrated.dot.torrents
2017-08-09 21:17 - mv "/usb/torrents/download/old/Bates.Motel.S03E04.INTERNAL.720p.HDTV.x264-FiHTV" /usb/torrents/download/
2017-08-09 21:17 - cp "/usb/torrents/.dot.torrents/Bates.Motel.S03E04.INTERNAL.720p.HDTV.x264-FiHTV [IPT].torrent" /usb/torrents/watch
2017-08-09 21:17 - Moved "/usb/torrents/.dot.torrents/Bates.Motel.S03E04.INTERNAL.720p.HDTV.x264-FiHTV [IPT].torrent" to /home/dcorrigan/torrent-migrate/migrated.dot.torrents
2017-08-09 21:17 - mv "/usb/torrents/download/old/Bates.Motel.S03E05.720p.HDTV.x264-IMMERSE" /usb/torrents/download/
2017-08-09 21:17 - cp "/usb/torrents/.dot.torrents/Bates.Motel.S03E05.720p.HDTV.x264-IMMERSE [IPT].torrent" /usb/torrents/watch
2017-08-09 21:17 - Moved "/usb/torrents/.dot.torrents/Bates.Motel.S03E05.720p.HDTV.x264-IMMERSE [IPT].torrent" to /home/dcorrigan/torrent-migrate/migrated.dot.torrents
2017-08-09 21:17 - mv "/usb/torrents/download/old/Bates.Motel.S03E05.INTERNAL.720p.HDTV.x264-FiHTV" /usb/torrents/download/
2017-08-09 21:17 - cp "/usb/torrents/.dot.torrents/Bates.Motel.S03E05.INTERNAL.720p.HDTV.x264-FiHTV [IPT].torrent" /usb/torrents/watch
2017-08-09 21:17 - Moved "/usb/torrents/.dot.torrents/Bates.Motel.S03E05.INTERNAL.720p.HDTV.x264-FiHTV [IPT].torrent" to /home/dcorrigan/torrent-migrate/migrated.dot.torrents
2017-08-09 21:17 - No DIR_DATA found in Bates Motel S03E06 720p HDTV AAC x264-PSYPHER [IPT].torrent
2017-08-09 21:17 - Moved "/usb/torrents/.dot.torrents/Bates Motel S03E06 720p HDTV AAC x264-PSYPHER [IPT].torrent" to /home/dcorrigan/torrent-migrate/migrated.dot.torrents
2017-08-09 21:17 - mv "/usb/torrents/download/old/Bates.Motel.S03E06.720p.HDTV.x264-KILLERS" /usb/torrents/download/
2017-08-09 21:17 - cp "/usb/torrents/.dot.torrents/Bates.Motel.S03E06.720p.HDTV.x264-KILLERS [IPT].torrent" /usb/torrents/watch
2017-08-09 21:17 - Moved "/usb/torrents/.dot.torrents/Bates.Motel.S03E06.720p.HDTV.x264-KILLERS [IPT].torrent" to /home/dcorrigan/torrent-migrate/migrated.dot.torrents
2017-08-09 21:17 - mv "/usb/torrents/download/old/Bates.Motel.S03E07.720p.HDTV.x264-IMMERSE" /usb/torrents/download/
2017-08-09 21:17 - cp "/usb/torrents/.dot.torrents/Bates.Motel.S03E07.720p.HDTV.x264-IMMERSE [IPT].torrent" /usb/torrents/watch
